The system is: Linux - 4.4.0-140-generic - x86_64
Compiling the C compiler identification source file "CMakeCCompilerId.c" succeeded.
Compiler: /usr/bin/cc 
Build flags: 
Id flags: 

The output was:
0


Compilation of the C compiler identification source "CMakeCCompilerId.c" produced "a.out"

The C compiler identification is GNU, found in "/home/csugrads/musik013/cs5631/Labs/lab6/v2/myalloc/CMakeFiles/3.5.1/CompilerIdC/a.out"

Determining if the C compiler works passed with the following output:
Change Dir: /home/csugrads/musik013/cs5631/Labs/lab6/v2/myalloc/CMakeFiles/CMakeTmp

Run Build Command:"/usr/bin/make" "cmTC_9677d/fast"
/usr/bin/make -f CMakeFiles/cmTC_9677d.dir/build.make CMakeFiles/cmTC_9677d.dir/build
make[1]: Entering directory '/home/csugrads/musik013/cs5631/Labs/lab6/v2/myalloc/CMakeFiles/CMakeTmp'
Building C object CMakeFiles/cmTC_9677d.dir/testCCompiler.c.o
/usr/bin/cc     -o CMakeFiles/cmTC_9677d.dir/testCCompiler.c.o   -c /home/csugrads/musik013/cs5631/Labs/lab6/v2/myalloc/CMakeFiles/CMakeTmp/testCCompiler.c
Linking C executable cmTC_9677d
/usr/bin/cmake -E cmake_link_script CMakeFiles/cmTC_9677d.dir/link.txt --verbose=1
/usr/bin/cc       CMakeFiles/cmTC_9677d.dir/testCCompiler.c.o  -o cmTC_9677d 
make[1]: Leaving directory '/home/csugrads/musik013/cs5631/Labs/lab6/v2/myalloc/CMakeFiles/CMakeTmp'


Detecting C compiler ABI info compiled with the following output:
Change Dir: /home/csugrads/musik013/cs5631/Labs/lab6/v2/myalloc/CMakeFiles/CMakeTmp

Run Build Command:"/usr/bin/make" "cmTC_8a95b/fast"
/usr/bin/make -f CMakeFiles/cmTC_8a95b.dir/build.make CMakeFiles/cmTC_8a95b.dir/build
make[1]: Entering directory '/home/csugrads/musik013/cs5631/Labs/lab6/v2/myalloc/CMakeFiles/CMakeTmp'
Building C object CMakeFiles/cmTC_8a95b.dir/CMakeCCompilerABI.c.o
/usr/bin/cc     -o CMakeFiles/cmTC_8a95b.dir/CMakeCCompilerABI.c.o   -c /usr/share/cmake-3.5/Modules/CMakeCCompilerABI.c
Linking C executable cmTC_8a95b
/usr/bin/cmake -E cmake_link_script CMakeFiles/cmTC_8a95b.dir/link.txt --verbose=1
/usr/bin/cc      -v CMakeFiles/cmTC_8a95b.dir/CMakeCCompilerABI.c.o  -o cmTC_8a95b  
Using built-in specs.
COLLECT_GCC=/usr/bin/cc
COLLECT_LTO_WRAPPER=/usr/lib/gcc/x86_64-linux-gnu/5/lto-wrapper
Target: x86_64-linux-gnu
Configured with: ../src/configure -v --with-pkgversion='Ubuntu 5.4.0-6ubuntu1~16.04.11' --with-bugurl=file:///usr/share/doc/gcc-5/README.Bugs --enable-languages=c,ada,c++,java,go,d,fortran,objc,obj-c++ --prefix=/usr --program-suffix=-5 --enable-shared --enable-linker-build-id --libexecdir=/usr/lib --without-included-gettext --enable-threads=posix --libdir=/usr/lib --enable-nls --with-sysroot=/ --enable-clocale=gnu --enable-libstdcxx-debug --enable-libstdcxx-time=yes --with-default-libstdcxx-abi=new --enable-gnu-unique-object --disable-vtable-verify --enable-libmpx --enable-plugin --with-system-zlib --disable-browser-plugin --enable-java-awt=gtk --enable-gtk-cairo --with-java-home=/usr/lib/jvm/java-1.5.0-gcj-5-amd64/jre --enable-java-home --with-jvm-root-dir=/usr/lib/jvm/java-1.5.0-gcj-5-amd64 --with-jvm-jar-dir=/usr/lib/jvm-exports/java-1.5.0-gcj-5-amd64 --with-arch-directory=amd64 --with-ecj-jar=/usr/share/java/eclipse-ecj.jar --enable-objc-gc --enable-multiarch --disable-werror --with-arch-32=i686 --with-abi=m64 --with-multilib-list=m32,m64,mx32 --enable-multilib --with-tune=generic --enable-checking=release --build=x86_64-linux-gnu --host=x86_64-linux-gnu --target=x86_64-linux-gnu
Thread model: posix
gcc version 5.4.0 20160609 (Ubuntu 5.4.0-6ubuntu1~16.04.11) 
COMPILER_PATH=/usr/lib/gcc/x86_64-linux-gnu/5/:/usr/lib/gcc/x86_64-linux-gnu/5/:/usr/lib/gcc/x86_64-linux-gnu/:/usr/lib/gcc/x86_64-linux-gnu/5/:/usr/lib/gcc/x86_64-linux-gnu/
LIBRARY_PATH=/usr/lib/gcc/x86_64-linux-gnu/5/:/usr/lib/gcc/x86_64-linux-gnu/5/../../../x86_64-linux-gnu/:/usr/lib/gcc/x86_64-linux-gnu/5/../../../../lib/:/lib/x86_64-linux-gnu/:/lib/../lib/:/usr/lib/x86_64-linux-gnu/:/usr/lib/../lib/:/usr/lib/gcc/x86_64-linux-gnu/5/../../../:/lib/:/usr/lib/
COLLECT_GCC_OPTIONS='-v' '-o' 'cmTC_8a95b' '-mtune=generic' '-march=x86-64'
 /usr/lib/gcc/x86_64-linux-gnu/5/collect2 -plugin /usr/lib/gcc/x86_64-linux-gnu/5/liblto_plugin.so -plugin-opt=/usr/lib/gcc/x86_64-linux-gnu/5/lto-wrapper -plugin-opt=-fresolution=/tmp/ccwD3xKp.res -plugin-opt=-pass-through=-lgcc -plugin-opt=-pass-through=-lgcc_s -plugin-opt=-pass-through=-lc -plugin-opt=-pass-through=-lgcc -plugin-opt=-pass-through=-lgcc_s --sysroot=/ --build-id --eh-frame-hdr -m elf_x86_64 --hash-style=gnu --as-needed -dynamic-linker /lib64/ld-linux-x86-64.so.2 -z relro -o cmTC_8a95b /usr/lib/gcc/x86_64-linux-gnu/5/../../../x86_64-linux-gnu/crt1.o /usr/lib/gcc/x86_64-linux-gnu/5/../../../x86_64-linux-gnu/crti.o /usr/lib/gcc/x86_64-linux-gnu/5/crtbegin.o -L/usr/lib/gcc/x86_64-linux-gnu/5 -L/usr/lib/gcc/x86_64-linux-gnu/5/../../../x86_64-linux-gnu -L/usr/lib/gcc/x86_64-linux-gnu/5/../../../../lib -L/lib/x86_64-linux-gnu -L/lib/../lib -L/usr/lib/x86_64-linux-gnu -L/usr/lib/../lib -L/usr/lib/gcc/x86_64-linux-gnu/5/../../.. CMakeFiles/cmTC_8a95b.dir/CMakeCCompilerABI.c.o -lgcc --as-needed -lgcc_s --no-as-needed -lc -lgcc --as-needed -lgcc_s --no-as-needed /usr/lib/gcc/x86_64-linux-gnu/5/crtend.o /usr/lib/gcc/x86_64-linux-gnu/5/../../../x86_64-linux-gnu/crtn.o
make[1]: Leaving directory '/home/csugrads/musik013/cs5631/Labs/lab6/v2/myalloc/CMakeFiles/CMakeTmp'


Parsed C implicit link information from above output:
  link line regex: [^( *|.*[/\])(ld|([^/\]+-)?ld|collect2)[^/\]*( |$)]
  ignore line: [Change Dir: /home/csugrads/musik013/cs5631/Labs/lab6/v2/myalloc/CMakeFiles/CMakeTmp]
  ignore line: []
  ignore line: [Run Build Command:"/usr/bin/make" "cmTC_8a95b/fast"]
  ignore line: [/usr/bin/make -f CMakeFiles/cmTC_8a95b.dir/build.make CMakeFiles/cmTC_8a95b.dir/build]
  ignore line: [make[1]: Entering directory '/home/csugrads/musik013/cs5631/Labs/lab6/v2/myalloc/CMakeFiles/CMakeTmp']
  ignore line: [Building C object CMakeFiles/cmTC_8a95b.dir/CMakeCCompilerABI.c.o]
  ignore line: [/usr/bin/cc     -o CMakeFiles/cmTC_8a95b.dir/CMakeCCompilerABI.c.o   -c /usr/share/cmake-3.5/Modules/CMakeCCompilerABI.c]
  ignore line: [Linking C executable cmTC_8a95b]
  ignore line: [/usr/bin/cmake -E cmake_link_script CMakeFiles/cmTC_8a95b.dir/link.txt --verbose=1]
  ignore line: [/usr/bin/cc      -v CMakeFiles/cmTC_8a95b.dir/CMakeCCompilerABI.c.o  -o cmTC_8a95b  ]
  ignore line: [Using built-in specs.]
  ignore line: [COLLECT_GCC=/usr/bin/cc]
  ignore line: [COLLECT_LTO_WRAPPER=/usr/lib/gcc/x86_64-linux-gnu/5/lto-wrapper]
  ignore line: [Target: x86_64-linux-gnu]
  ignore line: [Configured with: ../src/configure -v --with-pkgversion='Ubuntu 5.4.0-6ubuntu1~16.04.11' --with-bugurl=file:///usr/share/doc/gcc-5/README.Bugs --enable-languages=c,ada,c++,java,go,d,fortran,objc,obj-c++ --prefix=/usr --program-suffix=-5 --enable-shared --enable-linker-build-id --libexecdir=/usr/lib --without-included-gettext --enable-threads=posix --libdir=/usr/lib --enable-nls --with-sysroot=/ --enable-clocale=gnu --enable-libstdcxx-debug --enable-libstdcxx-time=yes --with-default-libstdcxx-abi=new --enable-gnu-unique-object --disable-vtable-verify --enable-libmpx --enable-plugin --with-system-zlib --disable-browser-plugin --enable-java-awt=gtk --enable-gtk-cairo --with-java-home=/usr/lib/jvm/java-1.5.0-gcj-5-amd64/jre --enable-java-home --with-jvm-root-dir=/usr/lib/jvm/java-1.5.0-gcj-5-amd64 --with-jvm-jar-dir=/usr/lib/jvm-exports/java-1.5.0-gcj-5-amd64 --with-arch-directory=amd64 --with-ecj-jar=/usr/share/java/eclipse-ecj.jar --enable-objc-gc --enable-multiarch --disable-werror --with-arch-32=i686 --with-abi=m64 --with-multilib-list=m32,m64,mx32 --enable-multilib --with-tune=generic --enable-checking=release --build=x86_64-linux-gnu --host=x86_64-linux-gnu --target=x86_64-linux-gnu]
  ignore line: [Thread model: posix]
  ignore line: [gcc version 5.4.0 20160609 (Ubuntu 5.4.0-6ubuntu1~16.04.11) ]
  ignore line: [COMPILER_PATH=/usr/lib/gcc/x86_64-linux-gnu/5/:/usr/lib/gcc/x86_64-linux-gnu/5/:/usr/lib/gcc/x86_64-linux-gnu/:/usr/lib/gcc/x86_64-linux-gnu/5/:/usr/lib/gcc/x86_64-linux-gnu/]
  ignore line: [LIBRARY_PATH=/usr/lib/gcc/x86_64-linux-gnu/5/:/usr/lib/gcc/x86_64-linux-gnu/5/../../../x86_64-linux-gnu/:/usr/lib/gcc/x86_64-linux-gnu/5/../../../../lib/:/lib/x86_64-linux-gnu/:/lib/../lib/:/usr/lib/x86_64-linux-gnu/:/usr/lib/../lib/:/usr/lib/gcc/x86_64-linux-gnu/5/../../../:/lib/:/usr/lib/]
  ignore line: [COLLECT_GCC_OPTIONS='-v' '-o' 'cmTC_8a95b' '-mtune=generic' '-march=x86-64']
  link line: [ /usr/lib/gcc/x86_64-linux-gnu/5/collect2 -plugin /usr/lib/gcc/x86_64-linux-gnu/5/liblto_plugin.so -plugin-opt=/usr/lib/gcc/x86_64-linux-gnu/5/lto-wrapper -plugin-opt=-fresolution=/tmp/ccwD3xKp.res -plugin-opt=-pass-through=-lgcc -plugin-opt=-pass-through=-lgcc_s -plugin-opt=-pass-through=-lc -plugin-opt=-pass-through=-lgcc -plugin-opt=-pass-through=-lgcc_s --sysroot=/ --build-id --eh-frame-hdr -m elf_x86_64 --hash-style=gnu --as-needed -dynamic-linker /lib64/ld-linux-x86-64.so.2 -z relro -o cmTC_8a95b /usr/lib/gcc/x86_64-linux-gnu/5/../../../x86_64-linux-gnu/crt1.o /usr/lib/gcc/x86_64-linux-gnu/5/../../../x86_64-linux-gnu/crti.o /usr/lib/gcc/x86_64-linux-gnu/5/crtbegin.o -L/usr/lib/gcc/x86_64-linux-gnu/5 -L/usr/lib/gcc/x86_64-linux-gnu/5/../../../x86_64-linux-gnu -L/usr/lib/gcc/x86_64-linux-gnu/5/../../../../lib -L/lib/x86_64-linux-gnu -L/lib/../lib -L/usr/lib/x86_64-linux-gnu -L/usr/lib/../lib -L/usr/lib/gcc/x86_64-linux-gnu/5/../../.. CMakeFiles/cmTC_8a95b.dir/CMakeCCompilerABI.c.o -lgcc --as-needed -lgcc_s --no-as-needed -lc -lgcc --as-needed -lgcc_s --no-as-needed /usr/lib/gcc/x86_64-linux-gnu/5/crtend.o /usr/lib/gcc/x86_64-linux-gnu/5/../../../x86_64-linux-gnu/crtn.o]
    arg [/usr/lib/gcc/x86_64-linux-gnu/5/collect2] ==> ignore
    arg [-plugin] ==> ignore
    arg [/usr/lib/gcc/x86_64-linux-gnu/5/liblto_plugin.so] ==> ignore
    arg [-plugin-opt=/usr/lib/gcc/x86_64-linux-gnu/5/lto-wrapper] ==> ignore
    arg [-plugin-opt=-fresolution=/tmp/ccwD3xKp.res] ==> ignore
    arg [-plugin-opt=-pass-through=-lgcc] ==> ignore
    arg [-plugin-opt=-pass-through=-lgcc_s] ==> ignore
    arg [-plugin-opt=-pass-through=-lc] ==> ignore
    arg [-plugin-opt=-pass-through=-lgcc] ==> ignore
    arg [-plugin-opt=-pass-through=-lgcc_s] ==> ignore
    arg [--sysroot=/] ==> ignore
    arg [--build-id] ==> ignore
    arg [--eh-frame-hdr] ==> ignore
    arg [-m] ==> ignore
    arg [elf_x86_64] ==> ignore
    arg [--hash-style=gnu] ==> ignore
    arg [--as-needed] ==> ignore
    arg [-dynamic-linker] ==> ignore
    arg [/lib64/ld-linux-x86-64.so.2] ==> ignore
    arg [-zrelro] ==> ignore
    arg [-o] ==> ignore
    arg [cmTC_8a95b] ==> ignore
    arg [/usr/lib/gcc/x86_64-linux-gnu/5/../../../x86_64-linux-gnu/crt1.o] ==> ignore
    arg [/usr/lib/gcc/x86_64-linux-gnu/5/../../../x86_64-linux-gnu/crti.o] ==> ignore
    arg [/usr/lib/gcc/x86_64-linux-gnu/5/crtbegin.o] ==> ignore
    arg [-L/usr/lib/gcc/x86_64-linux-gnu/5] ==> dir [/usr/lib/gcc/x86_64-linux-gnu/5]
    arg [-L/usr/lib/gcc/x86_64-linux-gnu/5/../../../x86_64-linux-gnu] ==> dir [/usr/lib/gcc/x86_64-linux-gnu/5/../../../x86_64-linux-gnu]
    arg [-L/usr/lib/gcc/x86_64-linux-gnu/5/../../../../lib] ==> dir [/usr/lib/gcc/x86_64-linux-gnu/5/../../../../lib]
    arg [-L/lib/x86_64-linux-gnu] ==> dir [/lib/x86_64-linux-gnu]
    arg [-L/lib/../lib] ==> dir [/lib/../lib]
    arg [-L/usr/lib/x86_64-linux-gnu] ==> dir [/usr/lib/x86_64-linux-gnu]
    arg [-L/usr/lib/../lib] ==> dir [/usr/lib/../lib]
    arg [-L/usr/lib/gcc/x86_64-linux-gnu/5/../../..] ==> dir [/usr/lib/gcc/x86_64-linux-gnu/5/../../..]
    arg [CMakeFiles/cmTC_8a95b.dir/CMakeCCompilerABI.c.o] ==> ignore
    arg [-lgcc] ==> lib [gcc]
    arg [--as-needed] ==> ignore
    arg [-lgcc_s] ==> lib [gcc_s]
    arg [--no-as-needed] ==> ignore
    arg [-lc] ==> lib [c]
    arg [-lgcc] ==> lib [gcc]
    arg [--as-needed] ==> ignore
    arg [-lgcc_s] ==> lib [gcc_s]
    arg [--no-as-needed] ==> ignore
    arg [/usr/lib/gcc/x86_64-linux-gnu/5/crtend.o] ==> ignore
    arg [/usr/lib/gcc/x86_64-linux-gnu/5/../../../x86_64-linux-gnu/crtn.o] ==> ignore
  remove lib [gcc]
  remove lib [gcc_s]
  remove lib [gcc]
  remove lib [gcc_s]
  collapse library dir [/usr/lib/gcc/x86_64-linux-gnu/5] ==> [/usr/lib/gcc/x86_64-linux-gnu/5]
  collapse library dir [/usr/lib/gcc/x86_64-linux-gnu/5/../../../x86_64-linux-gnu] ==> [/usr/lib/x86_64-linux-gnu]
  collapse library dir [/usr/lib/gcc/x86_64-linux-gnu/5/../../../../lib] ==> [/usr/lib]
  collapse library dir [/lib/x86_64-linux-gnu] ==> [/lib/x86_64-linux-gnu]
  collapse library dir [/lib/../lib] ==> [/lib]
  collapse library dir [/usr/lib/x86_64-linux-gnu] ==> [/usr/lib/x86_64-linux-gnu]
  collapse library dir [/usr/lib/../lib] ==> [/usr/lib]
  collapse library dir [/usr/lib/gcc/x86_64-linux-gnu/5/../../..] ==> [/usr/lib]
  implicit libs: [c]
  implicit dirs: [/usr/lib/gcc/x86_64-linux-gnu/5;/usr/lib/x86_64-linux-gnu;/usr/lib;/lib/x86_64-linux-gnu;/lib]
  implicit fwks: []




Detecting C [-std=c11] compiler features compiled with the following output:
Change Dir: /home/csugrads/musik013/cs5631/Labs/lab6/v2/myalloc/CMakeFiles/CMakeTmp

Run Build Command:"/usr/bin/make" "cmTC_fba7e/fast"
/usr/bin/make -f CMakeFiles/cmTC_fba7e.dir/build.make CMakeFiles/cmTC_fba7e.dir/build
make[1]: Entering directory '/home/csugrads/musik013/cs5631/Labs/lab6/v2/myalloc/CMakeFiles/CMakeTmp'
Building C object CMakeFiles/cmTC_fba7e.dir/feature_tests.c.o
/usr/bin/cc    -std=c11 -o CMakeFiles/cmTC_fba7e.dir/feature_tests.c.o   -c /home/csugrads/musik013/cs5631/Labs/lab6/v2/myalloc/CMakeFiles/feature_tests.c
Linking C executable cmTC_fba7e
/usr/bin/cmake -E cmake_link_script CMakeFiles/cmTC_fba7e.dir/link.txt --verbose=1
/usr/bin/cc       CMakeFiles/cmTC_fba7e.dir/feature_tests.c.o  -o cmTC_fba7e 
make[1]: Leaving directory '/home/csugrads/musik013/cs5631/Labs/lab6/v2/myalloc/CMakeFiles/CMakeTmp'


    Feature record: C_FEATURE:1c_function_prototypes
    Feature record: C_FEATURE:1c_restrict
    Feature record: C_FEATURE:1c_static_assert
    Feature record: C_FEATURE:1c_variadic_macros


Detecting C [-std=c99] compiler features compiled with the following output:
Change Dir: /home/csugrads/musik013/cs5631/Labs/lab6/v2/myalloc/CMakeFiles/CMakeTmp

Run Build Command:"/usr/bin/make" "cmTC_81df5/fast"
/usr/bin/make -f CMakeFiles/cmTC_81df5.dir/build.make CMakeFiles/cmTC_81df5.dir/build
make[1]: Entering directory '/home/csugrads/musik013/cs5631/Labs/lab6/v2/myalloc/CMakeFiles/CMakeTmp'
Building C object CMakeFiles/cmTC_81df5.dir/feature_tests.c.o
/usr/bin/cc    -std=c99 -o CMakeFiles/cmTC_81df5.dir/feature_tests.c.o   -c /home/csugrads/musik013/cs5631/Labs/lab6/v2/myalloc/CMakeFiles/feature_tests.c
Linking C executable cmTC_81df5
/usr/bin/cmake -E cmake_link_script CMakeFiles/cmTC_81df5.dir/link.txt --verbose=1
/usr/bin/cc       CMakeFiles/cmTC_81df5.dir/feature_tests.c.o  -o cmTC_81df5 
make[1]: Leaving directory '/home/csugrads/musik013/cs5631/Labs/lab6/v2/myalloc/CMakeFiles/CMakeTmp'


    Feature record: C_FEATURE:1c_function_prototypes
    Feature record: C_FEATURE:1c_restrict
    Feature record: C_FEATURE:0c_static_assert
    Feature record: C_FEATURE:1c_variadic_macros


Detecting C [-std=c90] compiler features compiled with the following output:
Change Dir: /home/csugrads/musik013/cs5631/Labs/lab6/v2/myalloc/CMakeFiles/CMakeTmp

Run Build Command:"/usr/bin/make" "cmTC_cbf68/fast"
/usr/bin/make -f CMakeFiles/cmTC_cbf68.dir/build.make CMakeFiles/cmTC_cbf68.dir/build
make[1]: Entering directory '/home/csugrads/musik013/cs5631/Labs/lab6/v2/myalloc/CMakeFiles/CMakeTmp'
Building C object CMakeFiles/cmTC_cbf68.dir/feature_tests.c.o
/usr/bin/cc    -std=c90 -o CMakeFiles/cmTC_cbf68.dir/feature_tests.c.o   -c /home/csugrads/musik013/cs5631/Labs/lab6/v2/myalloc/CMakeFiles/feature_tests.c
Linking C executable cmTC_cbf68
/usr/bin/cmake -E cmake_link_script CMakeFiles/cmTC_cbf68.dir/link.txt --verbose=1
/usr/bin/cc       CMakeFiles/cmTC_cbf68.dir/feature_tests.c.o  -o cmTC_cbf68 
make[1]: Leaving directory '/home/csugrads/musik013/cs5631/Labs/lab6/v2/myalloc/CMakeFiles/CMakeTmp'


    Feature record: C_FEATURE:1c_function_prototypes
    Feature record: C_FEATURE:0c_restrict
    Feature record: C_FEATURE:0c_static_assert
    Feature record: C_FEATURE:0c_variadic_macros
The system is: MINGW64_NT-10.0 - 2.11.2(0.329/5/3) - unknown
Compiling the C compiler identification source file "CMakeCCompilerId.c" succeeded.
Compiler: /usr/bin/cc 
Build flags: 
Id flags: 

The output was:
0


Compilation of the C compiler identification source "CMakeCCompilerId.c" produced "a.exe"

The C compiler identification is GNU, found in "/cygdrive/c/Users/rudol/OperatingSystemsClassUMD/capStoneProject1/myalloc/CMakeFiles/3.6.2/CompilerIdC/a.exe"

Determining if the C compiler works passed with the following output:
Change Dir: /cygdrive/c/Users/rudol/OperatingSystemsClassUMD/capStoneProject1/myalloc/CMakeFiles/CMakeTmp

Run Build Command:"/usr/bin/make.exe" "cmTC_cfa26/fast"
/usr/bin/make -f CMakeFiles/cmTC_cfa26.dir/build.make CMakeFiles/cmTC_cfa26.dir/build
make[1]: Entering directory '/cygdrive/c/Users/rudol/OperatingSystemsClassUMD/capStoneProject1/myalloc/CMakeFiles/CMakeTmp'
Building C object CMakeFiles/cmTC_cfa26.dir/testCCompiler.c.obj
/usr/bin/cc     -o CMakeFiles/cmTC_cfa26.dir/testCCompiler.c.obj   -c /cygdrive/c/Users/rudol/OperatingSystemsClassUMD/capStoneProject1/myalloc/CMakeFiles/CMakeTmp/testCCompiler.c
Linking C executable cmTC_cfa26
/usr/bin/cmake.exe -E cmake_link_script CMakeFiles/cmTC_cfa26.dir/link.txt --verbose=1
/usr/bin/cc       CMakeFiles/cmTC_cfa26.dir/testCCompiler.c.obj  -o cmTC_cfa26 
make[1]: Leaving directory '/cygdrive/c/Users/rudol/OperatingSystemsClassUMD/capStoneProject1/myalloc/CMakeFiles/CMakeTmp'


Detecting C compiler ABI info compiled with the following output:
Change Dir: /cygdrive/c/Users/rudol/OperatingSystemsClassUMD/capStoneProject1/myalloc/CMakeFiles/CMakeTmp

Run Build Command:"/usr/bin/make.exe" "cmTC_51676/fast"
/usr/bin/make -f CMakeFiles/cmTC_51676.dir/build.make CMakeFiles/cmTC_51676.dir/build
make[1]: Entering directory '/cygdrive/c/Users/rudol/OperatingSystemsClassUMD/capStoneProject1/myalloc/CMakeFiles/CMakeTmp'
Building C object CMakeFiles/cmTC_51676.dir/CMakeCCompilerABI.c.obj
/usr/bin/cc     -o CMakeFiles/cmTC_51676.dir/CMakeCCompilerABI.c.obj   -c /usr/share/cmake-3.6.2/Modules/CMakeCCompilerABI.c
Linking C executable cmTC_51676
/usr/bin/cmake.exe -E cmake_link_script CMakeFiles/cmTC_51676.dir/link.txt --verbose=1
/usr/bin/cc      -v CMakeFiles/cmTC_51676.dir/CMakeCCompilerABI.c.obj  -o cmTC_51676  
Using built-in specs.
COLLECT_GCC=/usr/bin/cc
COLLECT_LTO_WRAPPER=/usr/lib/gcc/x86_64-pc-cygwin/7.4.0/lto-wrapper.exe
Target: x86_64-pc-cygwin
Configured with: /cygdrive/i/szsz/tmpp/gcc/gcc-7.4.0-1.x86_64/src/gcc-7.4.0/configure --srcdir=/cygdrive/i/szsz/tmpp/gcc/gcc-7.4.0-1.x86_64/src/gcc-7.4.0 --prefix=/usr --exec-prefix=/usr --localstatedir=/var --sysconfdir=/etc --docdir=/usr/share/doc/gcc --htmldir=/usr/share/doc/gcc/html -C --build=x86_64-pc-cygwin --host=x86_64-pc-cygwin --target=x86_64-pc-cygwin --without-libiconv-prefix --without-libintl-prefix --libexecdir=/usr/lib --enable-shared --enable-shared-libgcc --enable-static --enable-version-specific-runtime-libs --enable-bootstrap --enable-__cxa_atexit --with-dwarf2 --with-tune=generic --enable-languages=ada,c,c++,fortran,lto,objc,obj-c++ --enable-graphite --enable-threads=posix --enable-libatomic --enable-libcilkrts --enable-libgomp --enable-libitm --enable-libquadmath --enable-libquadmath-support --disable-libssp --enable-libada --disable-symvers --with-gnu-ld --with-gnu-as --with-cloog-include=/usr/include/cloog-isl --without-libiconv-prefix --without-libintl-prefix --with-system-zlib --enable-linker-build-id --with-default-libstdcxx-abi=gcc4-compatible --enable-libstdcxx-filesystem-ts
Thread model: posix
gcc version 7.4.0 (GCC) 
COMPILER_PATH=/usr/lib/gcc/x86_64-pc-cygwin/7.4.0/:/usr/lib/gcc/x86_64-pc-cygwin/7.4.0/:/usr/lib/gcc/x86_64-pc-cygwin/:/usr/lib/gcc/x86_64-pc-cygwin/7.4.0/:/usr/lib/gcc/x86_64-pc-cygwin/:/usr/lib/gcc/x86_64-pc-cygwin/7.4.0/../../../../x86_64-pc-cygwin/bin/
LIBRARY_PATH=/usr/lib/gcc/x86_64-pc-cygwin/7.4.0/:/usr/lib/gcc/x86_64-pc-cygwin/7.4.0/../../../../x86_64-pc-cygwin/lib/../lib/:/usr/lib/gcc/x86_64-pc-cygwin/7.4.0/../../../../lib/:/lib/../lib/:/usr/lib/../lib/:/usr/lib/gcc/x86_64-pc-cygwin/7.4.0/../../../../x86_64-pc-cygwin/lib/:/usr/lib/gcc/x86_64-pc-cygwin/7.4.0/../../../:/lib/:/usr/lib/
COLLECT_GCC_OPTIONS='-v' '-o' 'cmTC_51676.exe' '-mtune=generic' '-march=x86-64'
 /usr/lib/gcc/x86_64-pc-cygwin/7.4.0/collect2.exe -plugin /usr/lib/gcc/x86_64-pc-cygwin/7.4.0/cyglto_plugin.dll -plugin-opt=/usr/lib/gcc/x86_64-pc-cygwin/7.4.0/lto-wrapper.exe -plugin-opt=-fresolution=/cygdrive/c/Users/rudol/AppData/Local/Temp/cctRasRv.res -plugin-opt=-pass-through=-lgcc_s -plugin-opt=-pass-through=-lgcc -plugin-opt=-pass-through=-lcygwin -plugin-opt=-pass-through=-ladvapi32 -plugin-opt=-pass-through=-lshell32 -plugin-opt=-pass-through=-luser32 -plugin-opt=-pass-through=-lkernel32 -plugin-opt=-pass-through=-lgcc_s -plugin-opt=-pass-through=-lgcc --build-id -m i386pep --wrap _Znwm --wrap _Znam --wrap _ZdlPv --wrap _ZdaPv --wrap _ZnwmRKSt9nothrow_t --wrap _ZnamRKSt9nothrow_t --wrap _ZdlPvRKSt9nothrow_t --wrap _ZdaPvRKSt9nothrow_t -Bdynamic --dll-search-prefix=cyg --tsaware -o cmTC_51676.exe /usr/lib/gcc/x86_64-pc-cygwin/7.4.0/../../../../lib/crt0.o /usr/lib/gcc/x86_64-pc-cygwin/7.4.0/crtbegin.o -L/usr/lib/gcc/x86_64-pc-cygwin/7.4.0 -L/usr/lib/gcc/x86_64-pc-cygwin/7.4.0/../../../../x86_64-pc-cygwin/lib/../lib -L/usr/lib/gcc/x86_64-pc-cygwin/7.4.0/../../../../lib -L/lib/../lib -L/usr/lib/../lib -L/usr/lib/gcc/x86_64-pc-cygwin/7.4.0/../../../../x86_64-pc-cygwin/lib -L/usr/lib/gcc/x86_64-pc-cygwin/7.4.0/../../.. CMakeFiles/cmTC_51676.dir/CMakeCCompilerABI.c.obj -lgcc_s -lgcc -lcygwin -ladvapi32 -lshell32 -luser32 -lkernel32 -lgcc_s -lgcc /usr/lib/gcc/x86_64-pc-cygwin/7.4.0/../../../../lib/default-manifest.o /usr/lib/gcc/x86_64-pc-cygwin/7.4.0/crtend.o
COLLECT_GCC_OPTIONS='-v' '-o' 'cmTC_51676.exe' '-mtune=generic' '-march=x86-64'
make[1]: Leaving directory '/cygdrive/c/Users/rudol/OperatingSystemsClassUMD/capStoneProject1/myalloc/CMakeFiles/CMakeTmp'


Parsed C implicit link information from above output:
  link line regex: [^( *|.*[/\])(ld\.exe|([^/\]+-)?ld|collect2)[^/\]*( |$)]
  ignore line: [Change Dir: /cygdrive/c/Users/rudol/OperatingSystemsClassUMD/capStoneProject1/myalloc/CMakeFiles/CMakeTmp]
  ignore line: []
  ignore line: [Run Build Command:"/usr/bin/make.exe" "cmTC_51676/fast"]
  ignore line: [/usr/bin/make -f CMakeFiles/cmTC_51676.dir/build.make CMakeFiles/cmTC_51676.dir/build]
  ignore line: [make[1]: Entering directory '/cygdrive/c/Users/rudol/OperatingSystemsClassUMD/capStoneProject1/myalloc/CMakeFiles/CMakeTmp']
  ignore line: [Building C object CMakeFiles/cmTC_51676.dir/CMakeCCompilerABI.c.obj]
  ignore line: [/usr/bin/cc     -o CMakeFiles/cmTC_51676.dir/CMakeCCompilerABI.c.obj   -c /usr/share/cmake-3.6.2/Modules/CMakeCCompilerABI.c]
  ignore line: [Linking C executable cmTC_51676]
  ignore line: [/usr/bin/cmake.exe -E cmake_link_script CMakeFiles/cmTC_51676.dir/link.txt --verbose=1]
  ignore line: [/usr/bin/cc      -v CMakeFiles/cmTC_51676.dir/CMakeCCompilerABI.c.obj  -o cmTC_51676  ]
  ignore line: [Using built-in specs.]
  ignore line: [COLLECT_GCC=/usr/bin/cc]
  ignore line: [COLLECT_LTO_WRAPPER=/usr/lib/gcc/x86_64-pc-cygwin/7.4.0/lto-wrapper.exe]
  ignore line: [Target: x86_64-pc-cygwin]
  ignore line: [Configured with: /cygdrive/i/szsz/tmpp/gcc/gcc-7.4.0-1.x86_64/src/gcc-7.4.0/configure --srcdir=/cygdrive/i/szsz/tmpp/gcc/gcc-7.4.0-1.x86_64/src/gcc-7.4.0 --prefix=/usr --exec-prefix=/usr --localstatedir=/var --sysconfdir=/etc --docdir=/usr/share/doc/gcc --htmldir=/usr/share/doc/gcc/html -C --build=x86_64-pc-cygwin --host=x86_64-pc-cygwin --target=x86_64-pc-cygwin --without-libiconv-prefix --without-libintl-prefix --libexecdir=/usr/lib --enable-shared --enable-shared-libgcc --enable-static --enable-version-specific-runtime-libs --enable-bootstrap --enable-__cxa_atexit --with-dwarf2 --with-tune=generic --enable-languages=ada,c,c++,fortran,lto,objc,obj-c++ --enable-graphite --enable-threads=posix --enable-libatomic --enable-libcilkrts --enable-libgomp --enable-libitm --enable-libquadmath --enable-libquadmath-support --disable-libssp --enable-libada --disable-symvers --with-gnu-ld --with-gnu-as --with-cloog-include=/usr/include/cloog-isl --without-libiconv-prefix --without-libintl-prefix --with-system-zlib --enable-linker-build-id --with-default-libstdcxx-abi=gcc4-compatible --enable-libstdcxx-filesystem-ts]
  ignore line: [Thread model: posix]
  ignore line: [gcc version 7.4.0 (GCC) ]
  ignore line: [COMPILER_PATH=/usr/lib/gcc/x86_64-pc-cygwin/7.4.0/:/usr/lib/gcc/x86_64-pc-cygwin/7.4.0/:/usr/lib/gcc/x86_64-pc-cygwin/:/usr/lib/gcc/x86_64-pc-cygwin/7.4.0/:/usr/lib/gcc/x86_64-pc-cygwin/:/usr/lib/gcc/x86_64-pc-cygwin/7.4.0/../../../../x86_64-pc-cygwin/bin/]
  ignore line: [LIBRARY_PATH=/usr/lib/gcc/x86_64-pc-cygwin/7.4.0/:/usr/lib/gcc/x86_64-pc-cygwin/7.4.0/../../../../x86_64-pc-cygwin/lib/../lib/:/usr/lib/gcc/x86_64-pc-cygwin/7.4.0/../../../../lib/:/lib/../lib/:/usr/lib/../lib/:/usr/lib/gcc/x86_64-pc-cygwin/7.4.0/../../../../x86_64-pc-cygwin/lib/:/usr/lib/gcc/x86_64-pc-cygwin/7.4.0/../../../:/lib/:/usr/lib/]
  ignore line: [COLLECT_GCC_OPTIONS='-v' '-o' 'cmTC_51676.exe' '-mtune=generic' '-march=x86-64']
  link line: [ /usr/lib/gcc/x86_64-pc-cygwin/7.4.0/collect2.exe -plugin /usr/lib/gcc/x86_64-pc-cygwin/7.4.0/cyglto_plugin.dll -plugin-opt=/usr/lib/gcc/x86_64-pc-cygwin/7.4.0/lto-wrapper.exe -plugin-opt=-fresolution=/cygdrive/c/Users/rudol/AppData/Local/Temp/cctRasRv.res -plugin-opt=-pass-through=-lgcc_s -plugin-opt=-pass-through=-lgcc -plugin-opt=-pass-through=-lcygwin -plugin-opt=-pass-through=-ladvapi32 -plugin-opt=-pass-through=-lshell32 -plugin-opt=-pass-through=-luser32 -plugin-opt=-pass-through=-lkernel32 -plugin-opt=-pass-through=-lgcc_s -plugin-opt=-pass-through=-lgcc --build-id -m i386pep --wrap _Znwm --wrap _Znam --wrap _ZdlPv --wrap _ZdaPv --wrap _ZnwmRKSt9nothrow_t --wrap _ZnamRKSt9nothrow_t --wrap _ZdlPvRKSt9nothrow_t --wrap _ZdaPvRKSt9nothrow_t -Bdynamic --dll-search-prefix=cyg --tsaware -o cmTC_51676.exe /usr/lib/gcc/x86_64-pc-cygwin/7.4.0/../../../../lib/crt0.o /usr/lib/gcc/x86_64-pc-cygwin/7.4.0/crtbegin.o -L/usr/lib/gcc/x86_64-pc-cygwin/7.4.0 -L/usr/lib/gcc/x86_64-pc-cygwin/7.4.0/../../../../x86_64-pc-cygwin/lib/../lib -L/usr/lib/gcc/x86_64-pc-cygwin/7.4.0/../../../../lib -L/lib/../lib -L/usr/lib/../lib -L/usr/lib/gcc/x86_64-pc-cygwin/7.4.0/../../../../x86_64-pc-cygwin/lib -L/usr/lib/gcc/x86_64-pc-cygwin/7.4.0/../../.. CMakeFiles/cmTC_51676.dir/CMakeCCompilerABI.c.obj -lgcc_s -lgcc -lcygwin -ladvapi32 -lshell32 -luser32 -lkernel32 -lgcc_s -lgcc /usr/lib/gcc/x86_64-pc-cygwin/7.4.0/../../../../lib/default-manifest.o /usr/lib/gcc/x86_64-pc-cygwin/7.4.0/crtend.o]
    arg [/usr/lib/gcc/x86_64-pc-cygwin/7.4.0/collect2.exe] ==> ignore
    arg [-plugin] ==> ignore
    arg [/usr/lib/gcc/x86_64-pc-cygwin/7.4.0/cyglto_plugin.dll] ==> ignore
    arg [-plugin-opt=/usr/lib/gcc/x86_64-pc-cygwin/7.4.0/lto-wrapper.exe] ==> ignore
    arg [-plugin-opt=-fresolution=/cygdrive/c/Users/rudol/AppData/Local/Temp/cctRasRv.res] ==> ignore
    arg [-plugin-opt=-pass-through=-lgcc_s] ==> ignore
    arg [-plugin-opt=-pass-through=-lgcc] ==> ignore
    arg [-plugin-opt=-pass-through=-lcygwin] ==> ignore
    arg [-plugin-opt=-pass-through=-ladvapi32] ==> ignore
    arg [-plugin-opt=-pass-through=-lshell32] ==> ignore
    arg [-plugin-opt=-pass-through=-luser32] ==> ignore
    arg [-plugin-opt=-pass-through=-lkernel32] ==> ignore
    arg [-plugin-opt=-pass-through=-lgcc_s] ==> ignore
    arg [-plugin-opt=-pass-through=-lgcc] ==> ignore
    arg [--build-id] ==> ignore
    arg [-m] ==> ignore
    arg [i386pep] ==> ignore
    arg [--wrap] ==> ignore
    arg [_Znwm] ==> ignore
    arg [--wrap] ==> ignore
    arg [_Znam] ==> ignore
    arg [--wrap] ==> ignore
    arg [_ZdlPv] ==> ignore
    arg [--wrap] ==> ignore
    arg [_ZdaPv] ==> ignore
    arg [--wrap] ==> ignore
    arg [_ZnwmRKSt9nothrow_t] ==> ignore
    arg [--wrap] ==> ignore
    arg [_ZnamRKSt9nothrow_t] ==> ignore
    arg [--wrap] ==> ignore
    arg [_ZdlPvRKSt9nothrow_t] ==> ignore
    arg [--wrap] ==> ignore
    arg [_ZdaPvRKSt9nothrow_t] ==> ignore
    arg [-Bdynamic] ==> ignore
    arg [--dll-search-prefix=cyg] ==> ignore
    arg [--tsaware] ==> ignore
    arg [-o] ==> ignore
    arg [cmTC_51676.exe] ==> ignore
    arg [/usr/lib/gcc/x86_64-pc-cygwin/7.4.0/../../../../lib/crt0.o] ==> ignore
    arg [/usr/lib/gcc/x86_64-pc-cygwin/7.4.0/crtbegin.o] ==> ignore
    arg [-L/usr/lib/gcc/x86_64-pc-cygwin/7.4.0] ==> dir [/usr/lib/gcc/x86_64-pc-cygwin/7.4.0]
    arg [-L/usr/lib/gcc/x86_64-pc-cygwin/7.4.0/../../../../x86_64-pc-cygwin/lib/../lib] ==> dir [/usr/lib/gcc/x86_64-pc-cygwin/7.4.0/../../../../x86_64-pc-cygwin/lib/../lib]
    arg [-L/usr/lib/gcc/x86_64-pc-cygwin/7.4.0/../../../../lib] ==> dir [/usr/lib/gcc/x86_64-pc-cygwin/7.4.0/../../../../lib]
    arg [-L/lib/../lib] ==> dir [/lib/../lib]
    arg [-L/usr/lib/../lib] ==> dir [/usr/lib/../lib]
    arg [-L/usr/lib/gcc/x86_64-pc-cygwin/7.4.0/../../../../x86_64-pc-cygwin/lib] ==> dir [/usr/lib/gcc/x86_64-pc-cygwin/7.4.0/../../../../x86_64-pc-cygwin/lib]
    arg [-L/usr/lib/gcc/x86_64-pc-cygwin/7.4.0/../../..] ==> dir [/usr/lib/gcc/x86_64-pc-cygwin/7.4.0/../../..]
    arg [CMakeFiles/cmTC_51676.dir/CMakeCCompilerABI.c.obj] ==> ignore
    arg [-lgcc_s] ==> lib [gcc_s]
    arg [-lgcc] ==> lib [gcc]
    arg [-lcygwin] ==> lib [cygwin]
    arg [-ladvapi32] ==> lib [advapi32]
    arg [-lshell32] ==> lib [shell32]
    arg [-luser32] ==> lib [user32]
    arg [-lkernel32] ==> lib [kernel32]
    arg [-lgcc_s] ==> lib [gcc_s]
    arg [-lgcc] ==> lib [gcc]
    arg [/usr/lib/gcc/x86_64-pc-cygwin/7.4.0/../../../../lib/default-manifest.o] ==> ignore
    arg [/usr/lib/gcc/x86_64-pc-cygwin/7.4.0/crtend.o] ==> ignore
  remove lib [gcc_s]
  remove lib [gcc]
  remove lib [gcc_s]
  remove lib [gcc]
  collapse library dir [/usr/lib/gcc/x86_64-pc-cygwin/7.4.0] ==> [/usr/lib/gcc/x86_64-pc-cygwin/7.4.0]
  collapse library dir [/usr/lib/gcc/x86_64-pc-cygwin/7.4.0/../../../../x86_64-pc-cygwin/lib/../lib] ==> [/usr/x86_64-pc-cygwin/lib]
  collapse library dir [/usr/lib/gcc/x86_64-pc-cygwin/7.4.0/../../../../lib] ==> [/usr/lib]
  collapse library dir [/lib/../lib] ==> [/lib]
  collapse library dir [/usr/lib/../lib] ==> [/usr/lib]
  collapse library dir [/usr/lib/gcc/x86_64-pc-cygwin/7.4.0/../../../../x86_64-pc-cygwin/lib] ==> [/usr/x86_64-pc-cygwin/lib]
  collapse library dir [/usr/lib/gcc/x86_64-pc-cygwin/7.4.0/../../..] ==> [/usr/lib]
  implicit libs: [cygwin;advapi32;shell32;user32;kernel32]
  implicit dirs: [/usr/lib/gcc/x86_64-pc-cygwin/7.4.0;/usr/x86_64-pc-cygwin/lib;/usr/lib;/lib]
  implicit fwks: []




Detecting C [-std=c11] compiler features compiled with the following output:
Change Dir: /cygdrive/c/Users/rudol/OperatingSystemsClassUMD/capStoneProject1/myalloc/CMakeFiles/CMakeTmp

Run Build Command:"/usr/bin/make.exe" "cmTC_171cf/fast"
/usr/bin/make -f CMakeFiles/cmTC_171cf.dir/build.make CMakeFiles/cmTC_171cf.dir/build
make[1]: Entering directory '/cygdrive/c/Users/rudol/OperatingSystemsClassUMD/capStoneProject1/myalloc/CMakeFiles/CMakeTmp'
Building C object CMakeFiles/cmTC_171cf.dir/feature_tests.c.obj
/usr/bin/cc    -std=c11 -o CMakeFiles/cmTC_171cf.dir/feature_tests.c.obj   -c /cygdrive/c/Users/rudol/OperatingSystemsClassUMD/capStoneProject1/myalloc/CMakeFiles/feature_tests.c
Linking C executable cmTC_171cf
/usr/bin/cmake.exe -E cmake_link_script CMakeFiles/cmTC_171cf.dir/link.txt --verbose=1
/usr/bin/cc       CMakeFiles/cmTC_171cf.dir/feature_tests.c.obj  -o cmTC_171cf 
make[1]: Leaving directory '/cygdrive/c/Users/rudol/OperatingSystemsClassUMD/capStoneProject1/myalloc/CMakeFiles/CMakeTmp'


    Feature record: C_FEATURE:1c_function_prototypes
    Feature record: C_FEATURE:1c_restrict
    Feature record: C_FEATURE:1c_static_assert
    Feature record: C_FEATURE:1c_variadic_macros


Detecting C [-std=c99] compiler features compiled with the following output:
Change Dir: /cygdrive/c/Users/rudol/OperatingSystemsClassUMD/capStoneProject1/myalloc/CMakeFiles/CMakeTmp

Run Build Command:"/usr/bin/make.exe" "cmTC_13856/fast"
/usr/bin/make -f CMakeFiles/cmTC_13856.dir/build.make CMakeFiles/cmTC_13856.dir/build
make[1]: Entering directory '/cygdrive/c/Users/rudol/OperatingSystemsClassUMD/capStoneProject1/myalloc/CMakeFiles/CMakeTmp'
Building C object CMakeFiles/cmTC_13856.dir/feature_tests.c.obj
/usr/bin/cc    -std=c99 -o CMakeFiles/cmTC_13856.dir/feature_tests.c.obj   -c /cygdrive/c/Users/rudol/OperatingSystemsClassUMD/capStoneProject1/myalloc/CMakeFiles/feature_tests.c
Linking C executable cmTC_13856
/usr/bin/cmake.exe -E cmake_link_script CMakeFiles/cmTC_13856.dir/link.txt --verbose=1
/usr/bin/cc       CMakeFiles/cmTC_13856.dir/feature_tests.c.obj  -o cmTC_13856 
make[1]: Leaving directory '/cygdrive/c/Users/rudol/OperatingSystemsClassUMD/capStoneProject1/myalloc/CMakeFiles/CMakeTmp'


    Feature record: C_FEATURE:1c_function_prototypes
    Feature record: C_FEATURE:1c_restrict
    Feature record: C_FEATURE:0c_static_assert
    Feature record: C_FEATURE:1c_variadic_macros


Detecting C [-std=c90] compiler features compiled with the following output:
Change Dir: /cygdrive/c/Users/rudol/OperatingSystemsClassUMD/capStoneProject1/myalloc/CMakeFiles/CMakeTmp

Run Build Command:"/usr/bin/make.exe" "cmTC_8a92c/fast"
/usr/bin/make -f CMakeFiles/cmTC_8a92c.dir/build.make CMakeFiles/cmTC_8a92c.dir/build
make[1]: Entering directory '/cygdrive/c/Users/rudol/OperatingSystemsClassUMD/capStoneProject1/myalloc/CMakeFiles/CMakeTmp'
Building C object CMakeFiles/cmTC_8a92c.dir/feature_tests.c.obj
/usr/bin/cc    -std=c90 -o CMakeFiles/cmTC_8a92c.dir/feature_tests.c.obj   -c /cygdrive/c/Users/rudol/OperatingSystemsClassUMD/capStoneProject1/myalloc/CMakeFiles/feature_tests.c
Linking C executable cmTC_8a92c
/usr/bin/cmake.exe -E cmake_link_script CMakeFiles/cmTC_8a92c.dir/link.txt --verbose=1
/usr/bin/cc       CMakeFiles/cmTC_8a92c.dir/feature_tests.c.obj  -o cmTC_8a92c 
make[1]: Leaving directory '/cygdrive/c/Users/rudol/OperatingSystemsClassUMD/capStoneProject1/myalloc/CMakeFiles/CMakeTmp'


    Feature record: C_FEATURE:1c_function_prototypes
    Feature record: C_FEATURE:0c_restrict
    Feature record: C_FEATURE:0c_static_assert
    Feature record: C_FEATURE:0c_variadic_macros
